<?xml version="1.0" encoding="UTF-8"?>
<!-- Generated by org.testng.reporters.JUnitReportReporter -->
<testsuite skipped="0" hostname="MS-20170914WAMZ" name="testSuite.TestCheckGoodsPrice" tests="1" failures="0" timestamp="12 十月 2017 06:10:37 GMT" time="14.518" errors="0">
  <testcase name="checkPrice" time="14.518" classname="testSuite.TestCheckGoodsPrice"/>
</testsuite> <!-- testSuite.TestCheckGoodsPrice -->
