<?xml version="1.0" encoding="UTF-8"?>
<!-- Generated by org.testng.reporters.JUnitReportReporter -->
<testsuite skipped="0" hostname="MS-20170914WAMZ" name="testSuite.TestLaunchBrowser" tests="1" failures="0" timestamp="12 十月 2017 02:48:12 GMT" time="4.404" errors="0">
  <testcase name="clickNews" time="4.404" classname="testSuite.TestLaunchBrowser"/>
</testsuite> <!-- testSuite.TestLaunchBrowser -->
