<?xml version="1.0" encoding="UTF-8"?>
<!-- Generated by org.testng.reporters.JUnitReportReporter -->
<testsuite skipped="0" hostname="MS-20170914WAMZ" name="testSuite.Test_HomePage_Search" tests="1" failures="0" timestamp="13 十月 2017 01:42:22 GMT" time="9.657" errors="0">
  <testcase name="test_searchGoods" time="9.657" classname="testSuite.Test_HomePage_Search"/>
</testsuite> <!-- testSuite.Test_HomePage_Search -->
